<?xml version="1.0" encoding="UTF-8"?>
<testsuite name="com.example.ExpenseTrackerApplicationTests" time="0.023" tests="1" errors="1" skipped="0" failures="0">
  <properties>
[...]
</properties>
  <testcase name="initializationError" classname="com.example.ExpenseTrackerApplicationTests" time="0.023">
    <error message="Unable to find a @SpringBootConfiguration, you need to use @ContextConfiguration or @SpringBootTest(classes=...) with your test" type="java.lang.IllegalStateException"><![CDATA[java.lang.IllegalStateException: Unable to find a @SpringBootConfiguration, you need to use @ContextConfiguration or @SpringBootTest(classes=...) with your test
	at org.springframework.util.Assert.state(Assert.java:392)
	at org.springframework.boot.test.context.SpringBootTestContextBootstrapper.getOrFindConfigurationClasses(SpringBootTestContextBootstrapper.java:173)
	at org.springframework.boot.test.context.SpringBootTestContextBootstrapper.processMergedContextConfiguration(SpringBootTestContextBootstrapper.java:133)
	at org.springframework.test.context.support.AbstractTestContextBootstrapper.buildMergedContextConfiguration(AbstractTestContextBootstrapper.java:409)
	at org.springframework.test.context.support.AbstractTestContextBootstrapper.buildDefaultMergedContextConfiguration(AbstractTestContextBootstrapper.java:323)
	at org.springframework.test.context.support.AbstractTestContextBootstrapper.buildMergedContextConfiguration(AbstractTestContextBootstrapper.java:277)
	at org.springframework.test.context.support.AbstractTestContextBootstrapper.buildTestContext(AbstractTestContextBootstrapper.java:112)
	at org.springframework.boot.test.context.SpringBootTestContextBootstrapper.buildTestContext(SpringBootTestContextBootstrapper.java:78)
	at org.springframework.test.context.TestContextManager.<init>(TestContextManager.java:120)
	at org.springframework.test.context.TestContextManager.<init>(TestContextManager.java:105)
	at org.springframework.test.context.junit4.SpringJUnit4ClassRunner.createTestContextManager(SpringJUnit4ClassRunner.java:152)
	at org.springframework.test.context.junit4.SpringJUnit4ClassRunner.<init>(SpringJUnit4ClassRunner.java:143)
	at org.springframework.test.context.junit4.SpringRunner.<init>(SpringRunner.java:49)
	at sun.reflect.NativeConstructorAccessorImpl.newInstance0(Native Method)
	at sun.reflect.NativeConstructorAccessorImpl.newInstance(NativeConstructorAccessorImpl.java:62)
	at sun.reflect.DelegatingConstructorAccessorImpl.newInstance(DelegatingConstructorAccessorImpl.java:45)
	at java.lang.reflect.Constructor.newInstance(Constructor.java:422)
	at org.junit.internal.builders.AnnotatedBuilder.buildRunner(AnnotatedBuilder.java:104)
	at org.junit.internal.builders.AnnotatedBuilder.runnerForClass(AnnotatedBuilder.java:86)
	at org.junit.runners.model.RunnerBuilder.safeRunnerForClass(RunnerBuilder.java:59)
	at org.junit.internal.builders.AllDefaultPossibilitiesBuilder.runnerForClass(AllDefaultPossibilitiesBuilder.java:26)
	at org.junit.runners.model.RunnerBuilder.safeRunnerForClass(RunnerBuilder.java:59)
	at org.junit.internal.requests.ClassRequest.getRunner(ClassRequest.java:33)
	at org.apache.maven.surefire.junit4.JUnit4Provider.execute(JUnit4Provider.java:283)
	at org.apache.maven.surefire.junit4.JUnit4Provider.executeWithRerun(JUnit4Provider.java:173)
	at org.apache.maven.surefire.junit4.JUnit4Provider.executeTestSet(JUnit4Provider.java:153)
	at org.apache.maven.surefire.junit4.JUnit4Provider.invoke(JUnit4Provider.java:128)
	at org.apache.maven.surefire.booter.ForkedBooter.invokeProviderInSameClassLoader(ForkedBooter.java:203)
	at org.apache.maven.surefire.booter.ForkedBooter.runSuitesInProcess(ForkedBooter.java:155)
	at org.apache.maven.surefire.booter.ForkedBooter.main(ForkedBooter.java:103)
]]></error>
    <system-out><![CDATA[13:46:54.631 [main] DEBUG org.springframework.test.context.junit4.SpringJUnit4ClassRunner - SpringJUnit4ClassRunner constructor called with [class com.example.ExpenseTrackerApplicationTests]
13:46:54.644 [main] DEBUG org.springframework.test.context.BootstrapUtils - Instantiating CacheAwareContextLoaderDelegate from class [org.springframework.test.context.cache.DefaultCacheAwareContextLoaderDelegate]
13:46:54.656 [main] DEBUG org.springframework.test.context.BootstrapUtils - Instantiating BootstrapContext using constructor [public org.springframework.test.context.support.DefaultBootstrapContext(java.lang.Class,org.springframework.test.context.CacheAwareContextLoaderDelegate)]
13:46:54.682 [main] DEBUG org.springframework.test.context.BootstrapUtils - Instantiating TestContextBootstrapper for test class [com.example.ExpenseTrackerApplicationTests] from class [org.springframework.boot.test.context.SpringBootTestContextBootstrapper]
13:46:54.699 [main] INFO org.springframework.boot.test.context.SpringBootTestContextBootstrapper - Neither @ContextConfiguration nor @ContextHierarchy found for test class [com.example.ExpenseTrackerApplicationTests], using SpringBootContextLoader
13:46:54.705 [main] DEBUG org.springframework.test.context.support.AbstractContextLoader - Did not detect default resource location for test class [com.example.ExpenseTrackerApplicationTests]: class path resource [com/example/ExpenseTrackerApplicationTests-context.xml] does not exist
13:46:54.705 [main] DEBUG org.springframework.test.context.support.AbstractContextLoader - Did not detect default resource location for test class [com.example.ExpenseTrackerApplicationTests]: class path resource [com/example/ExpenseTrackerApplicationTestsContext.groovy] does not exist
13:46:54.706 [main] INFO org.springframework.test.context.support.AbstractContextLoader - Could not detect default resource locations for test class [com.example.ExpenseTrackerApplicationTests]: no resource found for suffixes {-context.xml, Context.groovy}.
13:46:54.707 [main] INFO org.springframework.test.context.support.AnnotationConfigContextLoaderUtils - Could not detect default configuration classes for test class [com.example.ExpenseTrackerApplicationTests]: ExpenseTrackerApplicationTests does not declare any static, non-private, non-final, nested classes annotated with @Configuration.
13:46:54.775 [main] DEBUG org.springframework.test.context.support.ActiveProfilesUtils - Could not find an 'annotation declaring class' for annotation type [org.springframework.test.context.ActiveProfiles] and class [com.example.ExpenseTrackerApplicationTests]
13:46:54.843 [main] DEBUG org.springframework.core.env.StandardEnvironment - Adding [systemProperties] PropertySource with lowest search precedence
13:46:54.845 [main] DEBUG org.springframework.core.env.StandardEnvironment - Adding [systemEnvironment] PropertySource with lowest search precedence
13:46:54.845 [main] DEBUG org.springframework.core.env.StandardEnvironment - Initialized StandardEnvironment with PropertySources [systemProperties,systemEnvironment]
13:46:54.877 [main] DEBUG org.springframework.core.io.support.PathMatchingResourcePatternResolver - Resolved classpath location [com/example/] to resources [URL [file:/Users/chenxia/Documents/workspace-sts-3.8.1.RELEASE/ExpenseTracker/target/test-classes/com/example/]]
13:46:54.877 [main] DEBUG org.springframework.core.io.support.PathMatchingResourcePatternResolver - Looking for matching resources in directory tree [/Users/chenxia/Documents/workspace-sts-3.8.1.RELEASE/ExpenseTracker/target/test-classes/com/example]
13:46:54.878 [main] DEBUG org.springframework.core.io.support.PathMatchingResourcePatternResolver - Searching directory [/Users/chenxia/Documents/workspace-sts-3.8.1.RELEASE/ExpenseTracker/target/test-classes/com/example] for files matching pattern [/Users/chenxia/Documents/workspace-sts-3.8.1.RELEASE/ExpenseTracker/target/test-classes/com/example/*.class]
13:46:54.884 [main] DEBUG org.springframework.core.io.support.PathMatchingResourcePatternResolver - Resolved location pattern [classpath*:com/example/*.class] to resources [file [/Users/chenxia/Documents/workspace-sts-3.8.1.RELEASE/ExpenseTracker/target/test-classes/com/example/ExpenseTrackerApplicationTests.class]]
13:46:54.915 [main] DEBUG org.springframework.core.io.support.PathMatchingResourcePatternResolver - Resolved classpath location [com/] to resources [URL [jar:file:/System/Library/Java/Extensions/dns_sd.jar!/com/], URL [jar:file:/System/Library/Java/Extensions/j3daudio.jar!/com/], URL [jar:file:/System/Library/Java/Extensions/j3dutils.jar!/com/], URL [jar:file:/System/Library/Java/Extensions/jai_codec.jar!/com/], URL [jar:file:/System/Library/Java/Extensions/jai_core.jar!/com/], URL [jar:file:/System/Library/Java/Extensions/MRJToolkit.jar!/com/], URL [file:/Users/chenxia/Documents/workspace-sts-3.8.1.RELEASE/ExpenseTracker/target/test-classes/com/], URL [file:/Users/chenxia/Documents/workspace-sts-3.8.1.RELEASE/ExpenseTracker/target/classes/com/], URL [jar:file:/Users/chenxia/.m2/repository/org/mongodb/mongodb-driver/3.2.2/mongodb-driver-3.2.2.jar!/com/], URL [jar:file:/Users/chenxia/.m2/repository/org/mongodb/mongodb-driver-core/3.2.2/mongodb-driver-core-3.2.2.jar!/com/], URL [jar:file:/Users/chenxia/.m2/repository/com/fasterxml/classmate/1.3.1/classmate-1.3.1.jar!/com/], URL [jar:file:/Users/chenxia/.m2/repository/com/fasterxml/jackson/core/jackson-annotations/2.8.3/jackson-annotations-2.8.3.jar!/com/], URL [jar:file:/Users/chenxia/.m2/repository/com/fasterxml/jackson/core/jackson-core/2.8.3/jackson-core-2.8.3.jar!/com/], URL [jar:file:/Users/chenxia/.m2/repository/com/fasterxml/jackson/core/jackson-databind/2.8.3/jackson-databind-2.8.3.jar!/com/], URL [jar:file:/Users/chenxia/.m2/repository/com/jayway/jsonpath/json-path/2.2.0/json-path-2.2.0.jar!/com/], URL [jar:file:/Users/chenxia/.m2/repository/com/google/api-client/google-api-client/1.22.0/google-api-client-1.22.0.jar!/com/], URL [jar:file:/Users/chenxia/.m2/repository/com/google/oauth-client/google-oauth-client/1.22.0/google-oauth-client-1.22.0.jar!/com/], URL [jar:file:/Users/chenxia/.m2/repository/com/google/http-client/google-http-client/1.22.0/google-http-client-1.22.0.jar!/com/], URL [jar:file:/Users/chenxia/.m2/repository/com/google/http-client/google-http-client-jackson2/1.22.0/google-http-client-jackson2-1.22.0.jar!/com/], URL [jar:file:/Users/chenxia/.m2/repository/com/google/guava/guava-jdk5/17.0/guava-jdk5-17.0.jar!/com/], URL [jar:file:/Users/chenxia/.m2/repository/com/google/guava/guava/21.0/guava-21.0.jar!/com/], URL [jar:file:/Users/chenxia/.m2/repository/com/google/cloud/google-cloud-vision/0.8.1-alpha/google-cloud-vision-0.8.1-alpha.jar!/com/], URL [jar:file:/Users/chenxia/.m2/repository/com/google/cloud/google-cloud-core/0.8.1-alpha/google-cloud-core-0.8.1-alpha.jar!/com/], URL [jar:file:/Users/chenxia/.m2/repository/com/google/auth/google-auth-library-credentials/0.6.0/google-auth-library-credentials-0.6.0.jar!/com/], URL [jar:file:/Users/chenxia/.m2/repository/com/google/auth/google-auth-library-oauth2-http/0.6.0/google-auth-library-oauth2-http-0.6.0.jar!/com/], URL [jar:file:/Users/chenxia/.m2/repository/com/google/api-client/google-api-client-appengine/1.21.0/google-api-client-appengine-1.21.0.jar!/com/], URL [jar:file:/Users/chenxia/.m2/repository/com/google/oauth-client/google-oauth-client-appengine/1.21.0/google-oauth-client-appengine-1.21.0.jar!/com/], URL [jar:file:/Users/chenxia/.m2/repository/com/google/oauth-client/google-oauth-client-servlet/1.21.0/google-oauth-client-servlet-1.21.0.jar!/com/], URL [jar:file:/Users/chenxia/.m2/repository/com/google/http-client/google-http-client-jdo/1.21.0/google-http-client-jdo-1.21.0.jar!/com/], URL [jar:file:/Users/chenxia/.m2/repository/com/google/api-client/google-api-client-servlet/1.21.0/google-api-client-servlet-1.21.0.jar!/com/], URL [jar:file:/Users/chenxia/.m2/repository/com/google/http-client/google-http-client-appengine/1.21.0/google-http-client-appengine-1.21.0.jar!/com/], URL [jar:file:/Users/chenxia/.m2/repository/com/google/http-client/google-http-client-jackson/1.21.0/google-http-client-jackson-1.21.0.jar!/com/], URL [jar:file:/Users/chenxia/.m2/repository/com/google/protobuf/protobuf-java/3.0.0/protobuf-java-3.0.0.jar!/com/], URL [jar:file:/Users/chenxia/.m2/repository/com/google/protobuf/protobuf-java-util/3.0.2/protobuf-java-util-3.0.2.jar!/com/], URL [jar:file:/Users/chenxia/.m2/repository/com/google/code/gson/gson/2.7/gson-2.7.jar!/com/], URL [jar:file:/Users/chenxia/.m2/repository/com/google/api/gax/0.0.25/gax-0.0.25.jar!/com/], URL [jar:file:/Users/chenxia/.m2/repository/com/google/auto/value/auto-value/1.2/auto-value-1.2.jar!/com/], URL [jar:file:/Users/chenxia/.m2/repository/com/google/inject/guice/4.0/guice-4.0.jar!/com/], URL [jar:file:/Users/chenxia/.m2/repository/com/google/api/grpc/grpc-google-common-protos/0.1.5/grpc-google-common-protos-0.1.5.jar!/com/], URL [jar:file:/Users/chenxia/.m2/repository/com/google/api/grpc/grpc-google-iam-v1/0.1.5/grpc-google-iam-v1-0.1.5.jar!/com/], URL [jar:file:/Users/chenxia/.m2/repository/com/google/api/grpc/grpc-google-cloud-vision-v1/0.1.5/grpc-google-cloud-vision-v1-0.1.5.jar!/com/], URL [jar:file:/Users/chenxia/.m2/repository/com/google/api/api-common/0.0.2/api-common-0.0.2.jar!/com/]]
13:46:54.916 [main] DEBUG org.springframework.core.io.support.PathMatchingResourcePatternResolver - Looking for matching resources in jar file [file:/System/Library/Java/Extensions/dns_sd.jar]
13:46:54.917 [main] DEBUG org.springframework.core.io.support.PathMatchingResourcePatternResolver - Looking for matching resources in jar file [file:/System/Library/Java/Extensions/j3daudio.jar]
13:46:54.919 [main] DEBUG org.springframework.core.io.support.PathMatchingResourcePatternResolver - Looking for matching resources in jar file [file:/System/Library/Java/Extensions/j3dutils.jar]
13:46:54.929 [main] DEBUG org.springframework.core.io.support.PathMatchingResourcePatternResolver - Looking for matching resources in jar file [file:/System/Library/Java/Extensions/jai_codec.jar]
13:46:54.934 [main] DEBUG org.springframework.core.io.support.PathMatchingResourcePatternResolver - Looking for matching resources in jar file [file:/System/Library/Java/Extensions/jai_core.jar]
13:46:54.941 [main] DEBUG org.springframework.core.io.support.PathMatchingResourcePatternResolver - Looking for matching resources in jar file [file:/System/Library/Java/Extensions/MRJToolkit.jar]
13:46:54.942 [main] DEBUG org.springframework.core.io.support.PathMatchingResourcePatternResolver - Looking for matching resources in directory tree [/Users/chenxia/Documents/workspace-sts-3.8.1.RELEASE/ExpenseTracker/target/test-classes/com]
13:46:54.942 [main] DEBUG org.springframework.core.io.support.PathMatchingResourcePatternResolver - Searching directory [/Users/chenxia/Documents/workspace-sts-3.8.1.RELEASE/ExpenseTracker/target/test-classes/com] for files matching pattern [/Users/chenxia/Documents/workspace-sts-3.8.1.RELEASE/ExpenseTracker/target/test-classes/com/*.class]
13:46:54.943 [main] DEBUG org.springframework.core.io.support.PathMatchingResourcePatternResolver - Looking for matching resources in directory tree [/Users/chenxia/Documents/workspace-sts-3.8.1.RELEASE/ExpenseTracker/target/classes/com]
13:46:54.943 [main] DEBUG org.springframework.core.io.support.PathMatchingResourcePatternResolver - Searching directory [/Users/chenxia/Documents/workspace-sts-3.8.1.RELEASE/ExpenseTracker/target/classes/com] for files matching pattern [/Users/chenxia/Documents/workspace-sts-3.8.1.RELEASE/ExpenseTracker/target/classes/com/*.class]
13:46:54.943 [main] DEBUG org.springframework.core.io.support.PathMatchingResourcePatternResolver - Looking for matching resources in jar file [file:/Users/chenxia/.m2/repository/org/mongodb/mongodb-driver/3.2.2/mongodb-driver-3.2.2.jar]
13:46:54.946 [main] DEBUG org.springframework.core.io.support.PathMatchingResourcePatternResolver - Looking for matching resources in jar file [file:/Users/chenxia/.m2/repository/org/mongodb/mongodb-driver-core/3.2.2/mongodb-driver-core-3.2.2.jar]
13:46:54.953 [main] DEBUG org.springframework.core.io.support.PathMatchingResourcePatternResolver - Looking for matching resources in jar file [file:/Users/chenxia/.m2/repository/com/fasterxml/classmate/1.3.1/classmate-1.3.1.jar]
13:46:54.954 [main] DEBUG org.springframework.core.io.support.PathMatchingResourcePatternResolver - Looking for matching resources in jar file [file:/Users/chenxia/.m2/repository/com/fasterxml/jackson/core/jackson-annotations/2.8.3/jackson-annotations-2.8.3.jar]
13:46:54.955 [main] DEBUG org.springframework.core.io.support.PathMatchingResourcePatternResolver - Looking for matching resources in jar file [file:/Users/chenxia/.m2/repository/com/fasterxml/jackson/core/jackson-core/2.8.3/jackson-core-2.8.3.jar]
13:46:54.956 [main] DEBUG org.springframework.core.io.support.PathMatchingResourcePatternResolver - Looking for matching resources in jar file [file:/Users/chenxia/.m2/repository/com/fasterxml/jackson/core/jackson-databind/2.8.3/jackson-databind-2.8.3.jar]
13:46:54.961 [main] DEBUG org.springframework.core.io.support.PathMatchingResourcePatternResolver - Looking for matching resources in jar file [file:/Users/chenxia/.m2/repository/com/jayway/jsonpath/json-path/2.2.0/json-path-2.2.0.jar]
13:46:54.963 [main] DEBUG org.springframework.core.io.support.PathMatchingResourcePatternResolver - Looking for matching resources in jar file [file:/Users/chenxia/.m2/repository/com/google/api-client/google-api-client/1.22.0/google-api-client-1.22.0.jar]
13:46:54.964 [main] DEBUG org.springframework.core.io.support.PathMatchingResourcePatternResolver - Looking for matching resources in jar file [file:/Users/chenxia/.m2/repository/com/google/oauth-client/google-oauth-client/1.22.0/google-oauth-client-1.22.0.jar]
13:46:54.965 [main] DEBUG org.springframework.core.io.support.PathMatchingResourcePatternResolver - Looking for matching resources in jar file [file:/Users/chenxia/.m2/repository/com/google/http-client/google-http-client/1.22.0/google-http-client-1.22.0.jar]
13:46:54.968 [main] DEBUG org.springframework.core.io.support.PathMatchingResourcePatternResolver - Looking for matching resources in jar file [file:/Users/chenxia/.m2/repository/com/google/http-client/google-http-client-jackson2/1.22.0/google-http-client-jackson2-1.22.0.jar]
13:46:54.969 [main] DEBUG org.springframework.core.io.support.PathMatchingResourcePatternResolver - Looking for matching resources in jar file [file:/Users/chenxia/.m2/repository/com/google/guava/guava-jdk5/17.0/guava-jdk5-17.0.jar]
13:46:54.980 [main] DEBUG org.springframework.core.io.support.PathMatchingResourcePatternResolver - Looking for matching resources in jar file [file:/Users/chenxia/.m2/repository/com/google/guava/guava/21.0/guava-21.0.jar]
13:46:54.995 [main] DEBUG org.springframework.core.io.support.PathMatchingResourcePatternResolver - Looking for matching resources in jar file [file:/Users/chenxia/.m2/repository/com/google/cloud/google-cloud-vision/0.8.1-alpha/google-cloud-vision-0.8.1-alpha.jar]
13:46:54.995 [main] DEBUG org.springframework.core.io.support.PathMatchingResourcePatternResolver - Looking for matching resources in jar file [file:/Users/chenxia/.m2/repository/com/google/cloud/google-cloud-core/0.8.1-alpha/google-cloud-core-0.8.1-alpha.jar]
13:46:54.996 [main] DEBUG org.springframework.core.io.support.PathMatchingResourcePatternResolver - Looking for matching resources in jar file [file:/Users/chenxia/.m2/repository/com/google/auth/google-auth-library-credentials/0.6.0/google-auth-library-credentials-0.6.0.jar]
13:46:54.996 [main] DEBUG org.springframework.core.io.support.PathMatchingResourcePatternResolver - Looking for matching resources in jar file [file:/Users/chenxia/.m2/repository/com/google/auth/google-auth-library-oauth2-http/0.6.0/google-auth-library-oauth2-http-0.6.0.jar]
13:46:54.996 [main] DEBUG org.springframework.core.io.support.PathMatchingResourcePatternResolver - Looking for matching resources in jar file [file:/Users/chenxia/.m2/repository/com/google/api-client/google-api-client-appengine/1.21.0/google-api-client-appengine-1.21.0.jar]
13:46:54.997 [main] DEBUG org.springframework.core.io.support.PathMatchingResourcePatternResolver - Looking for matching resources in jar file [file:/Users/chenxia/.m2/repository/com/google/oauth-client/google-oauth-client-appengine/1.21.0/google-oauth-client-appengine-1.21.0.jar]
13:46:54.997 [main] DEBUG org.springframework.core.io.support.PathMatchingResourcePatternResolver - Looking for matching resources in jar file [file:/Users/chenxia/.m2/repository/com/google/oauth-client/google-oauth-client-servlet/1.21.0/google-oauth-client-servlet-1.21.0.jar]
13:46:54.997 [main] DEBUG org.springframework.core.io.support.PathMatchingResourcePatternResolver - Looking for matching resources in jar file [file:/Users/chenxia/.m2/repository/com/google/http-client/google-http-client-jdo/1.21.0/google-http-client-jdo-1.21.0.jar]
13:46:54.998 [main] DEBUG org.springframework.core.io.support.PathMatchingResourcePatternResolver - Looking for matching resources in jar file [file:/Users/chenxia/.m2/repository/com/google/api-client/google-api-client-servlet/1.21.0/google-api-client-servlet-1.21.0.jar]
13:46:54.998 [main] DEBUG org.springframework.core.io.support.PathMatchingResourcePatternResolver - Looking for matching resources in jar file [file:/Users/chenxia/.m2/repository/com/google/http-client/google-http-client-appengine/1.21.0/google-http-client-appengine-1.21.0.jar]
13:46:54.998 [main] DEBUG org.springframework.core.io.support.PathMatchingResourcePatternResolver - Looking for matching resources in jar file [file:/Users/chenxia/.m2/repository/com/google/http-client/google-http-client-jackson/1.21.0/google-http-client-jackson-1.21.0.jar]
13:46:54.998 [main] DEBUG org.springframework.core.io.support.PathMatchingResourcePatternResolver - Looking for matching resources in jar file [file:/Users/chenxia/.m2/repository/com/google/protobuf/protobuf-java/3.0.0/protobuf-java-3.0.0.jar]
13:46:55.001 [main] DEBUG org.springframework.core.io.support.PathMatchingResourcePatternResolver - Looking for matching resources in jar file [file:/Users/chenxia/.m2/repository/com/google/protobuf/protobuf-java-util/3.0.2/protobuf-java-util-3.0.2.jar]
13:46:55.001 [main] DEBUG org.springframework.core.io.support.PathMatchingResourcePatternResolver - Looking for matching resources in jar file [file:/Users/chenxia/.m2/repository/com/google/code/gson/gson/2.7/gson-2.7.jar]
13:46:55.002 [main] DEBUG org.springframework.core.io.support.PathMatchingResourcePatternResolver - Looking for matching resources in jar file [file:/Users/chenxia/.m2/repository/com/google/api/gax/0.0.25/gax-0.0.25.jar]
13:46:55.003 [main] DEBUG org.springframework.core.io.support.PathMatchingResourcePatternResolver - Looking for matching resources in jar file [file:/Users/chenxia/.m2/repository/com/google/auto/value/auto-value/1.2/auto-value-1.2.jar]
13:46:55.005 [main] DEBUG org.springframework.core.io.support.PathMatchingResourcePatternResolver - Looking for matching resources in jar file [file:/Users/chenxia/.m2/repository/com/google/inject/guice/4.0/guice-4.0.jar]
13:46:55.010 [main] DEBUG org.springframework.core.io.support.PathMatchingResourcePatternResolver - Looking for matching resources in jar file [file:/Users/chenxia/.m2/repository/com/google/api/grpc/grpc-google-common-protos/0.1.5/grpc-google-common-protos-0.1.5.jar]
13:46:55.013 [main] DEBUG org.springframework.core.io.support.PathMatchingResourcePatternResolver - Looking for matching resources in jar file [file:/Users/chenxia/.m2/repository/com/google/api/grpc/grpc-google-iam-v1/0.1.5/grpc-google-iam-v1-0.1.5.jar]
13:46:55.014 [main] DEBUG org.springframework.core.io.support.PathMatchingResourcePatternResolver - Looking for matching resources in jar file [file:/Users/chenxia/.m2/repository/com/google/api/grpc/grpc-google-cloud-vision-v1/0.1.5/grpc-google-cloud-vision-v1-0.1.5.jar]
13:46:55.015 [main] DEBUG org.springframework.core.io.support.PathMatchingResourcePatternResolver - Looking for matching resources in jar file [file:/Users/chenxia/.m2/repository/com/google/api/api-common/0.0.2/api-common-0.0.2.jar]
13:46:55.015 [main] DEBUG org.springframework.core.io.support.PathMatchingResourcePatternResolver - Resolved location pattern [classpath*:com/*.class] to resources []
13:46:55.029 [main] DEBUG org.springframework.test.context.junit4.SpringJUnit4ClassRunner - SpringJUnit4ClassRunner constructor called with [class com.example.ExpenseTrackerApplicationTests]
13:46:55.030 [main] DEBUG org.springframework.test.context.BootstrapUtils - Instantiating CacheAwareContextLoaderDelegate from class [org.springframework.test.context.cache.DefaultCacheAwareContextLoaderDelegate]
13:46:55.030 [main] DEBUG org.springframework.test.context.BootstrapUtils - Instantiating BootstrapContext using constructor [public org.springframework.test.context.support.DefaultBootstrapContext(java.lang.Class,org.springframework.test.context.CacheAwareContextLoaderDelegate)]
13:46:55.031 [main] DEBUG org.springframework.test.context.BootstrapUtils - Instantiating TestContextBootstrapper for test class [com.example.ExpenseTrackerApplicationTests] from class [org.springframework.boot.test.context.SpringBootTestContextBootstrapper]
13:46:55.032 [main] INFO org.springframework.boot.test.context.SpringBootTestContextBootstrapper - Neither @ContextConfiguration nor @ContextHierarchy found for test class [com.example.ExpenseTrackerApplicationTests], using SpringBootContextLoader
13:46:55.033 [main] DEBUG org.springframework.test.context.support.AbstractContextLoader - Did not detect default resource location for test class [com.example.ExpenseTrackerApplicationTests]: class path resource [com/example/ExpenseTrackerApplicationTests-context.xml] does not exist
13:46:55.033 [main] DEBUG org.springframework.test.context.support.AbstractContextLoader - Did not detect default resource location for test class [com.example.ExpenseTrackerApplicationTests]: class path resource [com/example/ExpenseTrackerApplicationTestsContext.groovy] does not exist
13:46:55.033 [main] INFO org.springframework.test.context.support.AbstractContextLoader - Could not detect default resource locations for test class [com.example.ExpenseTrackerApplicationTests]: no resource found for suffixes {-context.xml, Context.groovy}.
13:46:55.038 [main] INFO org.springframework.test.context.support.AnnotationConfigContextLoaderUtils - Could not detect default configuration classes for test class [com.example.ExpenseTrackerApplicationTests]: ExpenseTrackerApplicationTests does not declare any static, non-private, non-final, nested classes annotated with @Configuration.
13:46:55.052 [main] DEBUG org.springframework.test.context.support.ActiveProfilesUtils - Could not find an 'annotation declaring class' for annotation type [org.springframework.test.context.ActiveProfiles] and class [com.example.ExpenseTrackerApplicationTests]
13:46:55.054 [main] DEBUG org.springframework.core.env.StandardEnvironment - Adding [systemProperties] PropertySource with lowest search precedence
13:46:55.054 [main] DEBUG org.springframework.core.env.StandardEnvironment - Adding [systemEnvironment] PropertySource with lowest search precedence
13:46:55.054 [main] DEBUG org.springframework.core.env.StandardEnvironment - Initialized StandardEnvironment with PropertySources [systemProperties,systemEnvironment]
13:46:55.055 [main] DEBUG org.springframework.core.io.support.PathMatchingResourcePatternResolver - Resolved classpath location [com/example/] to resources [URL [file:/Users/chenxia/Documents/workspace-sts-3.8.1.RELEASE/ExpenseTracker/target/test-classes/com/example/]]
13:46:55.055 [main] DEBUG org.springframework.core.io.support.PathMatchingResourcePatternResolver - Looking for matching resources in directory tree [/Users/chenxia/Documents/workspace-sts-3.8.1.RELEASE/ExpenseTracker/target/test-classes/com/example]
13:46:55.055 [main] DEBUG org.springframework.core.io.support.PathMatchingResourcePatternResolver - Searching directory [/Users/chenxia/Documents/workspace-sts-3.8.1.RELEASE/ExpenseTracker/target/test-classes/com/example] for files matching pattern [/Users/chenxia/Documents/workspace-sts-3.8.1.RELEASE/ExpenseTracker/target/test-classes/com/example/*.class]
13:46:55.056 [main] DEBUG org.springframework.core.io.support.PathMatchingResourcePatternResolver - Resolved location pattern [classpath*:com/example/*.class] to resources [file [/Users/chenxia/Documents/workspace-sts-3.8.1.RELEASE/ExpenseTracker/target/test-classes/com/example/ExpenseTrackerApplicationTests.class]]
13:46:55.060 [main] DEBUG org.springframework.core.io.support.PathMatchingResourcePatternResolver - Resolved classpath location [com/] to resources [URL [jar:file:/System/Library/Java/Extensions/dns_sd.jar!/com/], URL [jar:file:/System/Library/Java/Extensions/j3daudio.jar!/com/], URL [jar:file:/System/Library/Java/Extensions/j3dutils.jar!/com/], URL [jar:file:/System/Library/Java/Extensions/jai_codec.jar!/com/], URL [jar:file:/System/Library/Java/Extensions/jai_core.jar!/com/], URL [jar:file:/System/Library/Java/Extensions/MRJToolkit.jar!/com/], URL [file:/Users/chenxia/Documents/workspace-sts-3.8.1.RELEASE/ExpenseTracker/target/test-classes/com/], URL [file:/Users/chenxia/Documents/workspace-sts-3.8.1.RELEASE/ExpenseTracker/target/classes/com/], URL [jar:file:/Users/chenxia/.m2/repository/org/mongodb/mongodb-driver/3.2.2/mongodb-driver-3.2.2.jar!/com/], URL [jar:file:/Users/chenxia/.m2/repository/org/mongodb/mongodb-driver-core/3.2.2/mongodb-driver-core-3.2.2.jar!/com/], URL [jar:file:/Users/chenxia/.m2/repository/com/fasterxml/classmate/1.3.1/classmate-1.3.1.jar!/com/], URL [jar:file:/Users/chenxia/.m2/repository/com/fasterxml/jackson/core/jackson-annotations/2.8.3/jackson-annotations-2.8.3.jar!/com/], URL [jar:file:/Users/chenxia/.m2/repository/com/fasterxml/jackson/core/jackson-core/2.8.3/jackson-core-2.8.3.jar!/com/], URL [jar:file:/Users/chenxia/.m2/repository/com/fasterxml/jackson/core/jackson-databind/2.8.3/jackson-databind-2.8.3.jar!/com/], URL [jar:file:/Users/chenxia/.m2/repository/com/jayway/jsonpath/json-path/2.2.0/json-path-2.2.0.jar!/com/], URL [jar:file:/Users/chenxia/.m2/repository/com/google/api-client/google-api-client/1.22.0/google-api-client-1.22.0.jar!/com/], URL [jar:file:/Users/chenxia/.m2/repository/com/google/oauth-client/google-oauth-client/1.22.0/google-oauth-client-1.22.0.jar!/com/], URL [jar:file:/Users/chenxia/.m2/repository/com/google/http-client/google-http-client/1.22.0/google-http-client-1.22.0.jar!/com/], URL [jar:file:/Users/chenxia/.m2/repository/com/google/http-client/google-http-client-jackson2/1.22.0/google-http-client-jackson2-1.22.0.jar!/com/], URL [jar:file:/Users/chenxia/.m2/repository/com/google/guava/guava-jdk5/17.0/guava-jdk5-17.0.jar!/com/], URL [jar:file:/Users/chenxia/.m2/repository/com/google/guava/guava/21.0/guava-21.0.jar!/com/], URL [jar:file:/Users/chenxia/.m2/repository/com/google/cloud/google-cloud-vision/0.8.1-alpha/google-cloud-vision-0.8.1-alpha.jar!/com/], URL [jar:file:/Users/chenxia/.m2/repository/com/google/cloud/google-cloud-core/0.8.1-alpha/google-cloud-core-0.8.1-alpha.jar!/com/], URL [jar:file:/Users/chenxia/.m2/repository/com/google/auth/google-auth-library-credentials/0.6.0/google-auth-library-credentials-0.6.0.jar!/com/], URL [jar:file:/Users/chenxia/.m2/repository/com/google/auth/google-auth-library-oauth2-http/0.6.0/google-auth-library-oauth2-http-0.6.0.jar!/com/], URL [jar:file:/Users/chenxia/.m2/repository/com/google/api-client/google-api-client-appengine/1.21.0/google-api-client-appengine-1.21.0.jar!/com/], URL [jar:file:/Users/chenxia/.m2/repository/com/google/oauth-client/google-oauth-client-appengine/1.21.0/google-oauth-client-appengine-1.21.0.jar!/com/], URL [jar:file:/Users/chenxia/.m2/repository/com/google/oauth-client/google-oauth-client-servlet/1.21.0/google-oauth-client-servlet-1.21.0.jar!/com/], URL [jar:file:/Users/chenxia/.m2/repository/com/google/http-client/google-http-client-jdo/1.21.0/google-http-client-jdo-1.21.0.jar!/com/], URL [jar:file:/Users/chenxia/.m2/repository/com/google/api-client/google-api-client-servlet/1.21.0/google-api-client-servlet-1.21.0.jar!/com/], URL [jar:file:/Users/chenxia/.m2/repository/com/google/http-client/google-http-client-appengine/1.21.0/google-http-client-appengine-1.21.0.jar!/com/], URL [jar:file:/Users/chenxia/.m2/repository/com/google/http-client/google-http-client-jackson/1.21.0/google-http-client-jackson-1.21.0.jar!/com/], URL [jar:file:/Users/chenxia/.m2/repository/com/google/protobuf/protobuf-java/3.0.0/protobuf-java-3.0.0.jar!/com/], URL [jar:file:/Users/chenxia/.m2/repository/com/google/protobuf/protobuf-java-util/3.0.2/protobuf-java-util-3.0.2.jar!/com/], URL [jar:file:/Users/chenxia/.m2/repository/com/google/code/gson/gson/2.7/gson-2.7.jar!/com/], URL [jar:file:/Users/chenxia/.m2/repository/com/google/api/gax/0.0.25/gax-0.0.25.jar!/com/], URL [jar:file:/Users/chenxia/.m2/repository/com/google/auto/value/auto-value/1.2/auto-value-1.2.jar!/com/], URL [jar:file:/Users/chenxia/.m2/repository/com/google/inject/guice/4.0/guice-4.0.jar!/com/], URL [jar:file:/Users/chenxia/.m2/repository/com/google/api/grpc/grpc-google-common-protos/0.1.5/grpc-google-common-protos-0.1.5.jar!/com/], URL [jar:file:/Users/chenxia/.m2/repository/com/google/api/grpc/grpc-google-iam-v1/0.1.5/grpc-google-iam-v1-0.1.5.jar!/com/], URL [jar:file:/Users/chenxia/.m2/repository/com/google/api/grpc/grpc-google-cloud-vision-v1/0.1.5/grpc-google-cloud-vision-v1-0.1.5.jar!/com/], URL [jar:file:/Users/chenxia/.m2/repository/com/google/api/api-common/0.0.2/api-common-0.0.2.jar!/com/]]
13:46:55.061 [main] DEBUG org.springframework.core.io.support.PathMatchingResourcePatternResolver - Looking for matching resources in jar file [file:/System/Library/Java/Extensions/dns_sd.jar]
13:46:55.062 [main] DEBUG org.springframework.core.io.support.PathMatchingResourcePatternResolver - Looking for matching resources in jar file [file:/System/Library/Java/Extensions/j3daudio.jar]
13:46:55.063 [main] DEBUG org.springframework.core.io.support.PathMatchingResourcePatternResolver - Looking for matching resources in jar file [file:/System/Library/Java/Extensions/j3dutils.jar]
13:46:55.067 [main] DEBUG org.springframework.core.io.support.PathMatchingResourcePatternResolver - Looking for matching resources in jar file [file:/System/Library/Java/Extensions/jai_codec.jar]
13:46:55.069 [main] DEBUG org.springframework.core.io.support.PathMatchingResourcePatternResolver - Looking for matching resources in jar file [file:/System/Library/Java/Extensions/jai_core.jar]
13:46:55.081 [main] DEBUG org.springframework.core.io.support.PathMatchingResourcePatternResolver - Looking for matching resources in jar file [file:/System/Library/Java/Extensions/MRJToolkit.jar]
13:46:55.083 [main] DEBUG org.springframework.core.io.support.PathMatchingResourcePatternResolver - Looking for matching resources in directory tree [/Users/chenxia/Documents/workspace-sts-3.8.1.RELEASE/ExpenseTracker/target/test-classes/com]
13:46:55.084 [main] DEBUG org.springframework.core.io.support.PathMatchingResourcePatternResolver - Searching directory [/Users/chenxia/Documents/workspace-sts-3.8.1.RELEASE/ExpenseTracker/target/test-classes/com] for files matching pattern [/Users/chenxia/Documents/workspace-sts-3.8.1.RELEASE/ExpenseTracker/target/test-classes/com/*.class]
13:46:55.084 [main] DEBUG org.springframework.core.io.support.PathMatchingResourcePatternResolver - Looking for matching resources in directory tree [/Users/chenxia/Documents/workspace-sts-3.8.1.RELEASE/ExpenseTracker/target/classes/com]
13:46:55.085 [main] DEBUG org.springframework.core.io.support.PathMatchingResourcePatternResolver - Searching directory [/Users/chenxia/Documents/workspace-sts-3.8.1.RELEASE/ExpenseTracker/target/classes/com] for files matching pattern [/Users/chenxia/Documents/workspace-sts-3.8.1.RELEASE/ExpenseTracker/target/classes/com/*.class]
13:46:55.087 [main] DEBUG org.springframework.core.io.support.PathMatchingResourcePatternResolver - Looking for matching resources in jar file [file:/Users/chenxia/.m2/repository/org/mongodb/mongodb-driver/3.2.2/mongodb-driver-3.2.2.jar]
13:46:55.091 [main] DEBUG org.springframework.core.io.support.PathMatchingResourcePatternResolver - Looking for matching resources in jar file [file:/Users/chenxia/.m2/repository/org/mongodb/mongodb-driver-core/3.2.2/mongodb-driver-core-3.2.2.jar]
13:46:55.099 [main] DEBUG org.springframework.core.io.support.PathMatchingResourcePatternResolver - Looking for matching resources in jar file [file:/Users/chenxia/.m2/repository/com/fasterxml/classmate/1.3.1/classmate-1.3.1.jar]
13:46:55.100 [main] DEBUG org.springframework.core.io.support.PathMatchingResourcePatternResolver - Looking for matching resources in jar file [file:/Users/chenxia/.m2/repository/com/fasterxml/jackson/core/jackson-annotations/2.8.3/jackson-annotations-2.8.3.jar]
13:46:55.101 [main] DEBUG org.springframework.core.io.support.PathMatchingResourcePatternResolver - Looking for matching resources in jar file [file:/Users/chenxia/.m2/repository/com/fasterxml/jackson/core/jackson-core/2.8.3/jackson-core-2.8.3.jar]
13:46:55.102 [main] DEBUG org.springframework.core.io.support.PathMatchingResourcePatternResolver - Looking for matching resources in jar file [file:/Users/chenxia/.m2/repository/com/fasterxml/jackson/core/jackson-databind/2.8.3/jackson-databind-2.8.3.jar]
13:46:55.106 [main] DEBUG org.springframework.core.io.support.PathMatchingResourcePatternResolver - Looking for matching resources in jar file [file:/Users/chenxia/.m2/repository/com/jayway/jsonpath/json-path/2.2.0/json-path-2.2.0.jar]
13:46:55.109 [main] DEBUG org.springframework.core.io.support.PathMatchingResourcePatternResolver - Looking for matching resources in jar file [file:/Users/chenxia/.m2/repository/com/google/api-client/google-api-client/1.22.0/google-api-client-1.22.0.jar]
13:46:55.110 [main] DEBUG org.springframework.core.io.support.PathMatchingResourcePatternResolver - Looking for matching resources in jar file [file:/Users/chenxia/.m2/repository/com/google/oauth-client/google-oauth-client/1.22.0/google-oauth-client-1.22.0.jar]
13:46:55.111 [main] DEBUG org.springframework.core.io.support.PathMatchingResourcePatternResolver - Looking for matching resources in jar file [file:/Users/chenxia/.m2/repository/com/google/http-client/google-http-client/1.22.0/google-http-client-1.22.0.jar]
13:46:55.114 [main] DEBUG org.springframework.core.io.support.PathMatchingResourcePatternResolver - Looking for matching resources in jar file [file:/Users/chenxia/.m2/repository/com/google/http-client/google-http-client-jackson2/1.22.0/google-http-client-jackson2-1.22.0.jar]
13:46:55.114 [main] DEBUG org.springframework.core.io.support.PathMatchingResourcePatternResolver - Looking for matching resources in jar file [file:/Users/chenxia/.m2/repository/com/google/guava/guava-jdk5/17.0/guava-jdk5-17.0.jar]
13:46:55.125 [main] DEBUG org.springframework.core.io.support.PathMatchingResourcePatternResolver - Looking for matching resources in jar file [file:/Users/chenxia/.m2/repository/com/google/guava/guava/21.0/guava-21.0.jar]
13:46:55.146 [main] DEBUG org.springframework.core.io.support.PathMatchingResourcePatternResolver - Looking for matching resources in jar file [file:/Users/chenxia/.m2/repository/com/google/cloud/google-cloud-vision/0.8.1-alpha/google-cloud-vision-0.8.1-alpha.jar]
13:46:55.146 [main] DEBUG org.springframework.core.io.support.PathMatchingResourcePatternResolver - Looking for matching resources in jar file [file:/Users/chenxia/.m2/repository/com/google/cloud/google-cloud-core/0.8.1-alpha/google-cloud-core-0.8.1-alpha.jar]
13:46:55.147 [main] DEBUG org.springframework.core.io.support.PathMatchingResourcePatternResolver - Looking for matching resources in jar file [file:/Users/chenxia/.m2/repository/com/google/auth/google-auth-library-credentials/0.6.0/google-auth-library-credentials-0.6.0.jar]
13:46:55.148 [main] DEBUG org.springframework.core.io.support.PathMatchingResourcePatternResolver - Looking for matching resources in jar file [file:/Users/chenxia/.m2/repository/com/google/auth/google-auth-library-oauth2-http/0.6.0/google-auth-library-oauth2-http-0.6.0.jar]
13:46:55.148 [main] DEBUG org.springframework.core.io.support.PathMatchingResourcePatternResolver - Looking for matching resources in jar file [file:/Users/chenxia/.m2/repository/com/google/api-client/google-api-client-appengine/1.21.0/google-api-client-appengine-1.21.0.jar]
13:46:55.149 [main] DEBUG org.springframework.core.io.support.PathMatchingResourcePatternResolver - Looking for matching resources in jar file [file:/Users/chenxia/.m2/repository/com/google/oauth-client/google-oauth-client-appengine/1.21.0/google-oauth-client-appengine-1.21.0.jar]
13:46:55.149 [main] DEBUG org.springframework.core.io.support.PathMatchingResourcePatternResolver - Looking for matching resources in jar file [file:/Users/chenxia/.m2/repository/com/google/oauth-client/google-oauth-client-servlet/1.21.0/google-oauth-client-servlet-1.21.0.jar]
13:46:55.149 [main] DEBUG org.springframework.core.io.support.PathMatchingResourcePatternResolver - Looking for matching resources in jar file [file:/Users/chenxia/.m2/repository/com/google/http-client/google-http-client-jdo/1.21.0/google-http-client-jdo-1.21.0.jar]
13:46:55.150 [main] DEBUG org.springframework.core.io.support.PathMatchingResourcePatternResolver - Looking for matching resources in jar file [file:/Users/chenxia/.m2/repository/com/google/api-client/google-api-client-servlet/1.21.0/google-api-client-servlet-1.21.0.jar]
13:46:55.150 [main] DEBUG org.springframework.core.io.support.PathMatchingResourcePatternResolver - Looking for matching resources in jar file [file:/Users/chenxia/.m2/repository/com/google/http-client/google-http-client-appengine/1.21.0/google-http-client-appengine-1.21.0.jar]
13:46:55.151 [main] DEBUG org.springframework.core.io.support.PathMatchingResourcePatternResolver - Looking for matching resources in jar file [file:/Users/chenxia/.m2/repository/com/google/http-client/google-http-client-jackson/1.21.0/google-http-client-jackson-1.21.0.jar]
13:46:55.151 [main] DEBUG org.springframework.core.io.support.PathMatchingResourcePatternResolver - Looking for matching resources in jar file [file:/Users/chenxia/.m2/repository/com/google/protobuf/protobuf-java/3.0.0/protobuf-java-3.0.0.jar]
13:46:55.155 [main] DEBUG org.springframework.core.io.support.PathMatchingResourcePatternResolver - Looking for matching resources in jar file [file:/Users/chenxia/.m2/repository/com/google/protobuf/protobuf-java-util/3.0.2/protobuf-java-util-3.0.2.jar]
13:46:55.155 [main] DEBUG org.springframework.core.io.support.PathMatchingResourcePatternResolver - Looking for matching resources in jar file [file:/Users/chenxia/.m2/repository/com/google/code/gson/gson/2.7/gson-2.7.jar]
13:46:55.167 [main] DEBUG org.springframework.core.io.support.PathMatchingResourcePatternResolver - Looking for matching resources in jar file [file:/Users/chenxia/.m2/repository/com/google/api/gax/0.0.25/gax-0.0.25.jar]
13:46:55.169 [main] DEBUG org.springframework.core.io.support.PathMatchingResourcePatternResolver - Looking for matching resources in jar file [file:/Users/chenxia/.m2/repository/com/google/auto/value/auto-value/1.2/auto-value-1.2.jar]
13:46:55.172 [main] DEBUG org.springframework.core.io.support.PathMatchingResourcePatternResolver - Looking for matching resources in jar file [file:/Users/chenxia/.m2/repository/com/google/inject/guice/4.0/guice-4.0.jar]
13:46:55.175 [main] DEBUG org.springframework.core.io.support.PathMatchingResourcePatternResolver - Looking for matching resources in jar file [file:/Users/chenxia/.m2/repository/com/google/api/grpc/grpc-google-common-protos/0.1.5/grpc-google-common-protos-0.1.5.jar]
13:46:55.195 [main] DEBUG org.springframework.core.io.support.PathMatchingResourcePatternResolver - Looking for matching resources in jar file [file:/Users/chenxia/.m2/repository/com/google/api/grpc/grpc-google-iam-v1/0.1.5/grpc-google-iam-v1-0.1.5.jar]
13:46:55.196 [main] DEBUG org.springframework.core.io.support.PathMatchingResourcePatternResolver - Looking for matching resources in jar file [file:/Users/chenxia/.m2/repository/com/google/api/grpc/grpc-google-cloud-vision-v1/0.1.5/grpc-google-cloud-vision-v1-0.1.5.jar]
13:46:55.197 [main] DEBUG org.springframework.core.io.support.PathMatchingResourcePatternResolver - Looking for matching resources in jar file [file:/Users/chenxia/.m2/repository/com/google/api/api-common/0.0.2/api-common-0.0.2.jar]
13:46:55.197 [main] DEBUG org.springframework.core.io.support.PathMatchingResourcePatternResolver - Resolved location pattern [classpath*:com/*.class] to resources []
]]></system-out>
  </testcase>
</testsuite>